Added Component: Designator=IC1(SOIC127P1420X360-21N)
Add component. Clean all parameters for all variants
Add component (AddParameter): Name = "Allied_Number"; Value = "70013599"; VariantName = "[No Variations]"
Add component (AddParameter): Name = "Allied Price/Stock"; Value = "http://www.alliedelec.com/stmicroelectronics-l6234pd/70013599/"; VariantName = "[No Variations]"
Add component (AddParameter): Name = "Datasheet Link"; Value = "http://docs-emea.rs-online.com/webdocs/0b34/0900766b80b3486b.pdf"; VariantName = "[No Variations]"
Add component (AddParameter): Name = "Height"; Value = "3.6mm"; VariantName = "[No Variations]"
Add component (AddParameter): Name = "Manufacturer_Name"; Value = "STMicroelectronics"; VariantName = "[No Variations]"
Add component (AddParameter): Name = "Manufacturer_Part_Number"; Value = "L6234PD"; VariantName = "[No Variations]"
Add component (AddParameter): Name = "Mouser Part Number"; Value = "511-L6234PD"; VariantName = "[No Variations]"
Add component (AddParameter): Name = "Mouser Price/Stock"; Value = "https://www.mouser.com/Search/Refine.aspx?Keyword=511-L6234PD"; VariantName = "[No Variations]"
Add component (AddParameter): Name = "RS Part Number"; Value = "0456444P"; VariantName = "[No Variations]"
Add component (AddParameter): Name = "RS Price/Stock"; Value = "http://uk.rs-online.com/web/p/products/0456444P"; VariantName = "[No Variations]"
Added Component: Designator=IC2(SOIC127P1420X360-21N)
Add component. Clean all parameters for all variants
Add component (AddParameter): Name = "Allied_Number"; Value = "70013599"; VariantName = "[No Variations]"
Add component (AddParameter): Name = "Allied Price/Stock"; Value = "http://www.alliedelec.com/stmicroelectronics-l6234pd/70013599/"; VariantName = "[No Variations]"
Add component (AddParameter): Name = "Datasheet Link"; Value = "http://docs-emea.rs-online.com/webdocs/0b34/0900766b80b3486b.pdf"; VariantName = "[No Variations]"
Add component (AddParameter): Name = "Height"; Value = "3.6mm"; VariantName = "[No Variations]"
Add component (AddParameter): Name = "Manufacturer_Name"; Value = "STMicroelectronics"; VariantName = "[No Variations]"
Add component (AddParameter): Name = "Manufacturer_Part_Number"; Value = "L6234PD"; VariantName = "[No Variations]"
Add component (AddParameter): Name = "Mouser Part Number"; Value = "511-L6234PD"; VariantName = "[No Variations]"
Add component (AddParameter): Name = "Mouser Price/Stock"; Value = "https://www.mouser.com/Search/Refine.aspx?Keyword=511-L6234PD"; VariantName = "[No Variations]"
Add component (AddParameter): Name = "RS Part Number"; Value = "0456444P"; VariantName = "[No Variations]"
Add component (AddParameter): Name = "RS Price/Stock"; Value = "http://uk.rs-online.com/web/p/products/0456444P"; VariantName = "[No Variations]"
Added Member To Class: ClassName=schematic Member=Component IC1 L6234PD
Added Member To Class: ClassName=schematic Member=Component IC2 L6234PD
